2025-08-25 09:23:24,311 [INFO] Успешное подключение к БД: D:\persons-QRcode\_db\persons_QRcode.db
2025-08-25 09:23:24,314 [INFO] Таблица 'persons' существует: True
2025-08-25 09:23:24,315 [INFO] Инициализация БД завершена.
2025-08-25 11:05:20,905 [INFO] Успешное подключение к БД: D:\persons-QRcode\_db\persons_QRcode.db
2025-08-25 11:05:20,906 [INFO] Таблица 'persons' существует: True
2025-08-25 11:05:20,906 [INFO] Инициализация БД завершена.
2025-08-25 11:15:22,441 [INFO] Успешное подключение к БД: D:\persons-QRcode\_db\persons_QRcode.db
2025-08-25 11:15:22,441 [INFO] Таблица 'persons' существует: True
2025-08-25 11:15:22,443 [INFO] Инициализация БД завершена.
2025-08-25 16:09:24,133 [INFO] Успешное подключение к БД: D:\persons-QRcode\_db\persons_QRcode.db
2025-08-25 16:09:24,134 [INFO] Таблица 'persons' существует: True
2025-08-25 16:09:24,135 [INFO] Инициализация БД завершена.
2025-08-25 17:32:36,796 [ERROR] Ошибка при сохранении: table persons has no column named phone
2025-08-25 17:44:56,534 [INFO] Добавлена запись id=6, фото=6_Жан_Поль _Бельмондо_1.jpg
2025-08-26 09:03:17,367 [INFO] Успешное подключение к БД: D:\persons-QRcode\_db\persons_QRcode.db
2025-08-26 09:03:17,367 [INFO] Таблица 'persons' существует: False
2025-08-26 09:03:17,377 [INFO] Таблица persons создана или уже существовала.
2025-08-26 09:03:17,377 [INFO] Инициализация БД завершена.
2025-08-26 14:06:40,249 [INFO] Добавлена запись id=1, фото=1_aaa_bbb_ccc_1.jpg
2025-08-26 14:07:10,324 [INFO] Добавлена запись id=2, фото=2_aaa_bbb_ccc_1.jpg
2025-08-26 14:07:13,372 [INFO] Добавлена запись id=3, фото=3_aaa_bbb_ccc_1.jpg
2025-08-26 14:34:44,564 [INFO] Добавлена запись id=4, фото=4_aaa_bbb_ccc_1.jpg
